  [1m[35m (68.8ms)[0m  [1m[35mCREATE TABLE "schema_migrations" ("version" character varying NOT NULL PRIMARY KEY)[0m
  [1m[35m (7.9ms)[0m  [1m[35mCREATE TABLE "ar_internal_metadata" ("key" character varying NOT NULL PRIMARY KEY, "value" character varying, "created_at" timestamp NOT NULL, "updated_at" timestamp NOT NULL)[0m
  [1m[35m (2.3ms)[0m  [1m[34mSELECT pg_try_advisory_lock(486791706883918695)[0m
  [1m[35m (1.1ms)[0m  [1m[34mSELECT "schema_migrations"."version" FROM "schema_migrations" ORDER BY "schema_migrations"."version" ASC[0m
Migrating to CreateCats (20171207150826)
  [1m[35m (0.2ms)[0m  [1m[35mBEGIN[0m
  [1m[35m (29.0ms)[0m  [1m[35mCREATE TABLE "cats" ("id" bigserial primary key, "name" character varying, "breed" character varying, "created_at" timestamp NOT NULL, "updated_at" timestamp NOT NULL)[0m
  [1m[35mSQL (0.6ms)[0m  [1m[32mINSERT INTO "schema_migrations" ("version") VALUES ($1) RETURNING "version"[0m  [["version", "20171207150826"]]
  [1m[35m (0.7ms)[0m  [1m[35mCOMMIT[0m
  [1m[36mActiveRecord::InternalMetadata Load (0.5ms)[0m  [1m[34mSELECT  "ar_internal_metadata".* FROM "ar_internal_metadata" WHERE "ar_internal_metadata"."key" = $1 LIMIT $2[0m  [["key", "environment"], ["LIMIT", 1]]
  [1m[35m (0.3ms)[0m  [1m[35mBEGIN[0m
  [1m[35mSQL (0.6ms)[0m  [1m[32mINSERT INTO "ar_internal_metadata" ("key", "value", "created_at", "updated_at") VALUES ($1, $2, $3, $4) RETURNING "key"[0m  [["key", "environment"], ["value", "development"], ["created_at", "2019-05-24 14:32:00.241137"], ["updated_at", "2019-05-24 14:32:00.241137"]]
  [1m[35m (2.2ms)[0m  [1m[35mCOMMIT[0m
  [1m[35m (10.5ms)[0m  [1m[34mSELECT pg_advisory_unlock(486791706883918695)[0m
  [1m[35m (1.5ms)[0m  [1m[34mSELECT "schema_migrations"."version" FROM "schema_migrations" ORDER BY "schema_migrations"."version" ASC[0m
  [1m[35m (0.6ms)[0m  [1m[34mSELECT "schema_migrations"."version" FROM "schema_migrations" ORDER BY "schema_migrations"."version" ASC[0m
  [1m[35m (0.2ms)[0m  [1m[35mBEGIN[0m
  [1m[35mSQL (0.9ms)[0m  [1m[32mINSERT INTO "cats" ("name", "breed", "created_at", "updated_at") VALUES ($1, $2, $3, $4) RETURNING "id"[0m  [["name", "Coco"], ["breed", "Persian (Traditional Persian Cat)"], ["created_at", "2019-05-24 14:32:39.386085"], ["updated_at", "2019-05-24 14:32:39.386085"]]
  [1m[35m (1.8ms)[0m  [1m[35mCOMMIT[0m
  [1m[35m (0.1ms)[0m  [1m[35mBEGIN[0m
  [1m[35mSQL (0.3ms)[0m  [1m[32mINSERT INTO "cats" ("name", "breed", "created_at", "updated_at") VALUES ($1, $2, $3, $4) RETURNING "id"[0m  [["name", "Angel"], ["breed", "Khao Manee"], ["created_at", "2019-05-24 14:32:39.390449"], ["updated_at", "2019-05-24 14:32:39.390449"]]
  [1m[35m (0.4ms)[0m  [1m[35mCOMMIT[0m
  [1m[35m (0.1ms)[0m  [1m[35mBEGIN[0m
  [1m[35mSQL (0.2ms)[0m  [1m[32mINSERT INTO "cats" ("name", "breed", "created_at", "updated_at") VALUES ($1, $2, $3, $4) RETURNING "id"[0m  [["name", "Alfie"], ["breed", "Snowshoe"], ["created_at", "2019-05-24 14:32:39.392576"], ["updated_at", "2019-05-24 14:32:39.392576"]]
  [1m[35m (0.3ms)[0m  [1m[35mCOMMIT[0m
  [1m[35m (0.2ms)[0m  [1m[35mBEGIN[0m
  [1m[35mSQL (0.2ms)[0m  [1m[32mINSERT INTO "cats" ("name", "breed", "created_at", "updated_at") VALUES ($1, $2, $3, $4) RETURNING "id"[0m  [["name", "Jasper"], ["breed", "Colorpoint Shorthair"], ["created_at", "2019-05-24 14:32:39.394691"], ["updated_at", "2019-05-24 14:32:39.394691"]]
  [1m[35m (0.3ms)[0m  [1m[35mCOMMIT[0m
  [1m[35m (0.1ms)[0m  [1m[35mBEGIN[0m
  [1m[35mSQL (0.2ms)[0m  [1m[32mINSERT INTO "cats" ("name", "breed", "created_at", "updated_at") VALUES ($1, $2, $3, $4) RETURNING "id"[0m  [["name", "Chloe"], ["breed", "British Shorthair"], ["created_at", "2019-05-24 14:32:39.396506"], ["updated_at", "2019-05-24 14:32:39.396506"]]
  [1m[35m (0.4ms)[0m  [1m[35mCOMMIT[0m
  [1m[35m (0.1ms)[0m  [1m[35mBEGIN[0m
  [1m[35mSQL (0.2ms)[0m  [1m[32mINSERT INTO "cats" ("name", "breed", "created_at", "updated_at") VALUES ($1, $2, $3, $4) RETURNING "id"[0m  [["name", "Smudge"], ["breed", "Chartreux"], ["created_at", "2019-05-24 14:32:39.398375"], ["updated_at", "2019-05-24 14:32:39.398375"]]
  [1m[35m (0.4ms)[0m  [1m[35mCOMMIT[0m
  [1m[35m (0.1ms)[0m  [1m[35mBEGIN[0m
  [1m[35mSQL (0.2ms)[0m  [1m[32mINSERT INTO "cats" ("name", "breed", "created_at", "updated_at") VALUES ($1, $2, $3, $4) RETURNING "id"[0m  [["name", "Tiger"], ["breed", "Sokoke"], ["created_at", "2019-05-24 14:32:39.400201"], ["updated_at", "2019-05-24 14:32:39.400201"]]
  [1m[35m (0.6ms)[0m  [1m[35mCOMMIT[0m
  [1m[35m (0.1ms)[0m  [1m[35mBEGIN[0m
  [1m[35mSQL (0.2ms)[0m  [1m[32mINSERT INTO "cats" ("name", "breed", "created_at", "updated_at") VALUES ($1, $2, $3, $4) RETURNING "id"[0m  [["name", "Charlie"], ["breed", "Sam Sawet"], ["created_at", "2019-05-24 14:32:39.402438"], ["updated_at", "2019-05-24 14:32:39.402438"]]
  [1m[35m (0.3ms)[0m  [1m[35mCOMMIT[0m
  [1m[35m (0.1ms)[0m  [1m[35mBEGIN[0m
  [1m[35mSQL (0.2ms)[0m  [1m[32mINSERT INTO "cats" ("name", "breed", "created_at", "updated_at") VALUES ($1, $2, $3, $4) RETURNING "id"[0m  [["name", "Milo"], ["breed", "Havana Brown"], ["created_at", "2019-05-24 14:32:39.404004"], ["updated_at", "2019-05-24 14:32:39.404004"]]
  [1m[35m (0.3ms)[0m  [1m[35mCOMMIT[0m
  [1m[35m (0.1ms)[0m  [1m[35mBEGIN[0m
  [1m[35mSQL (0.2ms)[0m  [1m[32mINSERT INTO "cats" ("name", "breed", "created_at", "updated_at") VALUES ($1, $2, $3, $4) RETURNING "id"[0m  [["name", "Lucy"], ["breed", "Colorpoint Shorthair"], ["created_at", "2019-05-24 14:32:39.405490"], ["updated_at", "2019-05-24 14:32:39.405490"]]
  [1m[35m (0.3ms)[0m  [1m[35mCOMMIT[0m
  [1m[35m (0.1ms)[0m  [1m[35mBEGIN[0m
  [1m[35mSQL (0.2ms)[0m  [1m[32mINSERT INTO "cats" ("name", "breed", "created_at", "updated_at") VALUES ($1, $2, $3, $4) RETURNING "id"[0m  [["name", "Molly"], ["breed", "Dragon Li"], ["created_at", "2019-05-24 14:32:39.407001"], ["updated_at", "2019-05-24 14:32:39.407001"]]
  [1m[35m (0.3ms)[0m  [1m[35mCOMMIT[0m
  [1m[35m (0.2ms)[0m  [1m[35mBEGIN[0m
  [1m[35mSQL (0.2ms)[0m  [1m[32mINSERT INTO "cats" ("name", "breed", "created_at", "updated_at") VALUES ($1, $2, $3, $4) RETURNING "id"[0m  [["name", "Shadow"], ["breed", "Raas"], ["created_at", "2019-05-24 14:32:39.408581"], ["updated_at", "2019-05-24 14:32:39.408581"]]
  [1m[35m (0.5ms)[0m  [1m[35mCOMMIT[0m
  [1m[35m (0.1ms)[0m  [1m[35mBEGIN[0m
  [1m[35mSQL (0.2ms)[0m  [1m[32mINSERT INTO "cats" ("name", "breed", "created_at", "updated_at") VALUES ($1, $2, $3, $4) RETURNING "id"[0m  [["name", "Misty"], ["breed", "Cheetoh"], ["created_at", "2019-05-24 14:32:39.410746"], ["updated_at", "2019-05-24 14:32:39.410746"]]
  [1m[35m (0.8ms)[0m  [1m[35mCOMMIT[0m
  [1m[35m (0.1ms)[0m  [1m[35mBEGIN[0m
  [1m[35mSQL (0.3ms)[0m  [1m[32mINSERT INTO "cats" ("name", "breed", "created_at", "updated_at") VALUES ($1, $2, $3, $4) RETURNING "id"[0m  [["name", "Daisy"], ["breed", "Exotic Shorthair"], ["created_at", "2019-05-24 14:32:39.413141"], ["updated_at", "2019-05-24 14:32:39.413141"]]
  [1m[35m (0.4ms)[0m  [1m[35mCOMMIT[0m
  [1m[35m (0.1ms)[0m  [1m[35mBEGIN[0m
  [1m[35mSQL (0.2ms)[0m  [1m[32mINSERT INTO "cats" ("name", "breed", "created_at", "updated_at") VALUES ($1, $2, $3, $4) RETURNING "id"[0m  [["name", "Sam"], ["breed", "Russian Blue"], ["created_at", "2019-05-24 14:32:39.415075"], ["updated_at", "2019-05-24 14:32:39.415075"]]
  [1m[35m (0.4ms)[0m  [1m[35mCOMMIT[0m
  [1m[35m (0.1ms)[0m  [1m[35mBEGIN[0m
  [1m[35mSQL (0.2ms)[0m  [1m[32mINSERT INTO "cats" ("name", "breed", "created_at", "updated_at") VALUES ($1, $2, $3, $4) RETURNING "id"[0m  [["name", "Lily"], ["breed", "Kurilian Bobtail, or Kuril Islands Bobtail"], ["created_at", "2019-05-24 14:32:39.416786"], ["updated_at", "2019-05-24 14:32:39.416786"]]
  [1m[35m (0.3ms)[0m  [1m[35mCOMMIT[0m
  [1m[35m (0.1ms)[0m  [1m[35mBEGIN[0m
  [1m[35mSQL (0.2ms)[0m  [1m[32mINSERT INTO "cats" ("name", "breed", "created_at", "updated_at") VALUES ($1, $2, $3, $4) RETURNING "id"[0m  [["name", "Smokey"], ["breed", "Peterbald"], ["created_at", "2019-05-24 14:32:39.418416"], ["updated_at", "2019-05-24 14:32:39.418416"]]
  [1m[35m (0.4ms)[0m  [1m[35mCOMMIT[0m
  [1m[35m (0.1ms)[0m  [1m[35mBEGIN[0m
  [1m[35mSQL (0.2ms)[0m  [1m[32mINSERT INTO "cats" ("name", "breed", "created_at", "updated_at") VALUES ($1, $2, $3, $4) RETURNING "id"[0m  [["name", "Oscar"], ["breed", "Chausie"], ["created_at", "2019-05-24 14:32:39.420030"], ["updated_at", "2019-05-24 14:32:39.420030"]]
  [1m[35m (0.4ms)[0m  [1m[35mCOMMIT[0m
  [1m[35m (0.1ms)[0m  [1m[35mBEGIN[0m
  [1m[35mSQL (0.2ms)[0m  [1m[32mINSERT INTO "cats" ("name", "breed", "created_at", "updated_at") VALUES ($1, $2, $3, $4) RETURNING "id"[0m  [["name", "Lucky"], ["breed", "Asian"], ["created_at", "2019-05-24 14:32:39.421640"], ["updated_at", "2019-05-24 14:32:39.421640"]]
  [1m[35m (0.3ms)[0m  [1m[35mCOMMIT[0m
  [1m[35m (0.1ms)[0m  [1m[35mBEGIN[0m
  [1m[35mSQL (0.4ms)[0m  [1m[32mINSERT INTO "cats" ("name", "breed", "created_at", "updated_at") VALUES ($1, $2, $3, $4) RETURNING "id"[0m  [["name", "Max"], ["breed", "Siamese"], ["created_at", "2019-05-24 14:32:39.423344"], ["updated_at", "2019-05-24 14:32:39.423344"]]
  [1m[35m (0.2ms)[0m  [1m[35mCOMMIT[0m
Started GET "/" for 127.0.0.1 at 2019-05-24 10:36:50 -0400
  [1m[35m (0.5ms)[0m  [1m[34mSELECT "schema_migrations"."version" FROM "schema_migrations" ORDER BY "schema_migrations"."version" ASC[0m
Processing by RootController#index as HTML
  Rendering root/index.html.erb within layouts/application
  Rendered root/index.html.erb within layouts/application (1.4ms)
Completed 200 OK in 1157ms (Views: 1146.8ms | ActiveRecord: 0.0ms)


Started GET "/cats" for 127.0.0.1 at 2019-05-24 10:36:54 -0400
Processing by CatsController#index as HTML
  Rendering cats/index.html.erb within layouts/application
  [1m[36mCat Load (1.5ms)[0m  [1m[34mSELECT "cats".* FROM "cats"[0m
  Rendered cats/index.html.erb within layouts/application (38.9ms)
Completed 200 OK in 87ms (Views: 67.1ms | ActiveRecord: 7.0ms)


Started GET "/cats/1" for 127.0.0.1 at 2019-05-24 10:36:58 -0400
Processing by CatsController#show as HTML
  Parameters: {"id"=>"1"}
  [1m[36mCat Load (0.3ms)[0m  [1m[34mSELECT  "cats".* FROM "cats" WHERE "cats"."id" = $1 LIMIT $2[0m  [["id", 1], ["LIMIT", 1]]
  Rendering cats/show.html.erb within layouts/application
  Rendered cats/show.html.erb within layouts/application (2.5ms)
Completed 200 OK in 73ms (Views: 51.6ms | ActiveRecord: 6.4ms)


Started GET "/cats" for 127.0.0.1 at 2019-05-24 10:37:01 -0400
Processing by CatsController#index as HTML
  Rendering cats/index.html.erb within layouts/application
  [1m[36mCat Load (1.1ms)[0m  [1m[34mSELECT "cats".* FROM "cats"[0m
  Rendered cats/index.html.erb within layouts/application (15.1ms)
Completed 200 OK in 65ms (Views: 60.7ms | ActiveRecord: 1.1ms)


Started GET "/cats/5" for 127.0.0.1 at 2019-05-24 10:37:02 -0400
Processing by CatsController#show as HTML
  Parameters: {"id"=>"5"}
  [1m[36mCat Load (2.0ms)[0m  [1m[34mSELECT  "cats".* FROM "cats" WHERE "cats"."id" = $1 LIMIT $2[0m  [["id", 5], ["LIMIT", 1]]
  Rendering cats/show.html.erb within layouts/application
  Rendered cats/show.html.erb within layouts/application (2.2ms)
Completed 200 OK in 34ms (Views: 23.6ms | ActiveRecord: 2.0ms)


Started GET "/cats/2" for 127.0.0.1 at 2019-05-24 10:49:30 -0400
  [1m[35m (3.2ms)[0m  [1m[34mSELECT "schema_migrations"."version" FROM "schema_migrations" ORDER BY "schema_migrations"."version" ASC[0m
Processing by CatsController#show as HTML
  Parameters: {"id"=>"2"}
  [1m[36mCat Load (0.4ms)[0m  [1m[34mSELECT  "cats".* FROM "cats" WHERE "cats"."id" = $1 LIMIT $2[0m  [["id", 2], ["LIMIT", 1]]
  Rendering cats/show.html.erb within layouts/application
  Rendered cats/show.html.erb within layouts/application (1.3ms)
Completed 200 OK in 267ms (Views: 239.6ms | ActiveRecord: 5.3ms)


Started GET "/cats" for 127.0.0.1 at 2019-05-24 10:49:32 -0400
Processing by CatsController#index as HTML
  Rendering cats/index.html.erb within layouts/application
  [1m[36mCat Load (0.7ms)[0m  [1m[34mSELECT "cats".* FROM "cats"[0m
  Rendered cats/index.html.erb within layouts/application (30.6ms)
Completed 200 OK in 47ms (Views: 40.2ms | ActiveRecord: 5.7ms)


Started GET "/cats/ne" for 127.0.0.1 at 2019-05-24 10:58:20 -0400
Started GET "/cats/new" for 127.0.0.1 at 2019-05-24 10:58:30 -0400
Started GET "/cats" for 127.0.0.1 at 2019-05-24 10:58:30 -0400
Processing by CatsController#show as HTML
  Parameters: {"id"=>"ne"}
  [1m[36mCat Load (0.6ms)[0m  [1m[34mSELECT  "cats".* FROM "cats" WHERE "cats"."id" = $1 LIMIT $2[0m  [["id", 0], ["LIMIT", 1]]
Completed 404 Not Found in 35ms (ActiveRecord: 0.6ms)


  
ActiveRecord::RecordNotFound (Couldn't find Cat with 'id'=ne):
  
app/controllers/cats_controller.rb:7:in `show'
Processing by CatsController#index as HTML
Processing by CatsController#new as HTML
  Rendering cats/index.html.erb within layouts/application
  [1m[36mCat Load (1.6ms)[0m  [1m[34mSELECT "cats".* FROM "cats"[0m
  Rendered cats/index.html.erb within layouts/application (14.4ms)
  Rendering cats/new.html.erb within layouts/application
  Rendered cats/new.html.erb within layouts/application (0.3ms)
Completed 200 OK in 57ms (Views: 33.5ms | ActiveRecord: 9.1ms)


Completed 200 OK in 58ms (Views: 41.5ms | ActiveRecord: 11.4ms)


Started GET "/cats/new" for 127.0.0.1 at 2019-05-24 10:58:34 -0400
Processing by CatsController#new as HTML
  Rendering cats/new.html.erb within layouts/application
  Rendered cats/new.html.erb within layouts/application (0.3ms)
Completed 200 OK in 21ms (Views: 19.6ms | ActiveRecord: 0.0ms)


Started GET "/cats" for 127.0.0.1 at 2019-05-24 11:04:26 -0400
Processing by CatsController#index as HTML
  Rendering cats/index.html.erb within layouts/application
  [1m[36mCat Load (0.2ms)[0m  [1m[34mSELECT "cats".* FROM "cats"[0m
  Rendered cats/index.html.erb within layouts/application (2.7ms)
Completed 200 OK in 34ms (Views: 31.2ms | ActiveRecord: 0.2ms)


Started GET "/cats/new" for 127.0.0.1 at 2019-05-24 11:04:28 -0400
Processing by CatsController#new as HTML
  Rendering cats/new.html.erb within layouts/application
  Rendered cats/new.html.erb within layouts/application (0.4ms)
Completed 200 OK in 32ms (Views: 30.0ms | ActiveRecord: 0.0ms)


Started GET "/cats/new" for 127.0.0.1 at 2019-05-24 11:09:56 -0400
Processing by CatsController#new as HTML
  Rendering cats/new.html.erb within layouts/application
  Rendered cats/new.html.erb within layouts/application (17.3ms)
Completed 200 OK in 52ms (Views: 45.9ms | ActiveRecord: 0.0ms)


Started GET "/cats/new" for 127.0.0.1 at 2019-05-24 11:14:35 -0400
  [1m[35m (2.3ms)[0m  [1m[34mSELECT "schema_migrations"."version" FROM "schema_migrations" ORDER BY "schema_migrations"."version" ASC[0m
Processing by CatsController#new as HTML
  Rendering cats/new.html.erb within layouts/application
  Rendered cats/new.html.erb within layouts/application (8.9ms)
Completed 200 OK in 303ms (Views: 274.4ms | ActiveRecord: 5.0ms)


Started POST "/cats" for 127.0.0.1 at 2019-05-24 11:14:42 -0400
Processing by CatsController#create as HTML
  Parameters: {"utf8"=>"✓", "authenticity_token"=>"T453RE6hJY0MVboru41j4ejtr8R7/f+/7G1gqtksXUugyBSGNO/FKegJcEvrsnaAbJqn2pqEFMoWmwZdFpXGUg==", "cat"=>{"name"=>"someone", "breed"=>"ugly"}, "commit"=>"Add new cat"}
No template found for CatsController#create, rendering head :no_content
Completed 204 No Content in 241623ms (ActiveRecord: 0.0ms)


Started GET "/cats/new" for 127.0.0.1 at 2019-05-24 11:19:41 -0400
Started GET "/cats/new" for 127.0.0.1 at 2019-05-24 11:19:51 -0400
Processing by CatsController#new as HTML
  Rendering cats/new.html.erb within layouts/application
  Rendered cats/new.html.erb within layouts/application (2.9ms)
Completed 200 OK in 62ms (Views: 45.0ms | ActiveRecord: 0.0ms)


Processing by CatsController#new as HTML
  Rendering cats/new.html.erb within layouts/application
  Rendered cats/new.html.erb within layouts/application (1.5ms)
Completed 200 OK in 31ms (Views: 18.0ms | ActiveRecord: 0.0ms)


Started GET "/cats/new" for 127.0.0.1 at 2019-05-24 11:19:53 -0400
Processing by CatsController#new as HTML
  Rendering cats/new.html.erb within layouts/application
  Rendered cats/new.html.erb within layouts/application (1.8ms)
Completed 200 OK in 27ms (Views: 19.0ms | ActiveRecord: 0.0ms)


Started GET "/cats/new" for 127.0.0.1 at 2019-05-24 11:19:55 -0400
Processing by CatsController#new as HTML
  Rendering cats/new.html.erb within layouts/application
  Rendered cats/new.html.erb within layouts/application (1.1ms)
Completed 200 OK in 15ms (Views: 13.3ms | ActiveRecord: 0.0ms)


Started POST "/cats" for 127.0.0.1 at 2019-05-24 11:22:13 -0400
  [1m[35m (1.3ms)[0m  [1m[34mSELECT "schema_migrations"."version" FROM "schema_migrations" ORDER BY "schema_migrations"."version" ASC[0m
Processing by CatsController#create as HTML
  Parameters: {"utf8"=>"✓", "authenticity_token"=>"V/05NyCcY6Cr/rRhY4U7j7K9r2WN2pXWTm4qRQaRMHi4u1r1WtKDBE+ifgEzui7uNsqne2yjfqO0mEyyySirYQ==", "cat"=>{"name"=>"sdf", "breed"=>"sdf"}, "commit"=>"Add new cat"}
Completed 500 Internal Server Error in 20ms (ActiveRecord: 3.8ms)


  
ActiveModel::ForbiddenAttributesError (ActiveModel::ForbiddenAttributesError):
  
app/controllers/cats_controller.rb:15:in `create'
Started PUT "/__web_console/repl_sessions/94183aedaa9c00db138800dbd42c8ab9" for 127.0.0.1 at 2019-05-24 11:22:17 -0400
Started PUT "/__web_console/repl_sessions/94183aedaa9c00db138800dbd42c8ab9" for 127.0.0.1 at 2019-05-24 11:22:17 -0400
Started POST "/cats" for 127.0.0.1 at 2019-05-24 11:26:07 -0400
  [1m[35m (0.8ms)[0m  [1m[34mSELECT "schema_migrations"."version" FROM "schema_migrations" ORDER BY "schema_migrations"."version" ASC[0m
Processing by CatsController#create as HTML
  Parameters: {"utf8"=>"✓", "authenticity_token"=>"V/05NyCcY6Cr/rRhY4U7j7K9r2WN2pXWTm4qRQaRMHi4u1r1WtKDBE+ifgEzui7uNsqne2yjfqO0mEyyySirYQ==", "cat"=>{"name"=>"sdf", "breed"=>"sdf"}, "commit"=>"Add new cat"}
Started POST "/cats" for 127.0.0.1 at 2019-05-24 11:26:13 -0400
Processing by CatsController#create as HTML
  Parameters: {"utf8"=>"✓", "authenticity_token"=>"V/05NyCcY6Cr/rRhY4U7j7K9r2WN2pXWTm4qRQaRMHi4u1r1WtKDBE+ifgEzui7uNsqne2yjfqO0mEyyySirYQ==", "cat"=>{"name"=>"sdf", "breed"=>"sdf"}, "commit"=>"Add new cat"}
Started GET "/" for 127.0.0.1 at 2019-05-24 11:26:41 -0400
  [1m[35m (0.5ms)[0m  [1m[35mBEGIN[0m
  [1m[35mSQL (24.3ms)[0m  [1m[32mINSERT INTO "cats" ("name", "breed", "created_at", "updated_at") VALUES ($1, $2, $3, $4) RETURNING "id"[0m  [["name", "sdf"], ["breed", "sdf"], ["created_at", "2019-05-24 15:27:15.850286"], ["updated_at", "2019-05-24 15:27:15.850286"]]
  [1m[35m (3.8ms)[0m  [1m[35mCOMMIT[0m
Redirected to http://localhost:3000/cats/21
Completed 302 Found in 62613ms (ActiveRecord: 50.8ms)


Processing by RootController#index as HTML
Started GET "/cats/new" for 127.0.0.1 at 2019-05-24 11:27:52 -0400
Started GET "/cats/new" for 127.0.0.1 at 2019-05-24 11:27:52 -0400
Started GET "/cats/new" for 127.0.0.1 at 2019-05-24 11:27:52 -0400
  [1m[35m (4.9ms)[0m  [1m[35mBEGIN[0m
  [1m[35mSQL (5.8ms)[0m  [1m[32mINSERT INTO "cats" ("name", "breed", "created_at", "updated_at") VALUES ($1, $2, $3, $4) RETURNING "id"[0m  [["name", "sdf"], ["breed", "sdf"], ["created_at", "2019-05-24 15:27:52.784606"], ["updated_at", "2019-05-24 15:27:52.784606"]]
  Rendering root/index.html.erb within layouts/application
  Rendered root/index.html.erb within layouts/application (4.2ms)
  [1m[35m (267.1ms)[0m  [1m[35mCOMMIT[0m
Redirected to http://localhost:3000/cats/22
Completed 302 Found in 105312ms (ActiveRecord: 282.3ms)


Completed 200 OK in 658ms (Views: 655.0ms | ActiveRecord: 0.0ms)


Processing by CatsController#new as HTML
Processing by CatsController#new as HTML
Processing by CatsController#new as HTML
  Rendering cats/new.html.erb within layouts/application
  Rendering cats/new.html.erb within layouts/application
  Rendering cats/new.html.erb within layouts/application
  Rendered cats/new.html.erb within layouts/application (31.7ms)
  Rendered cats/new.html.erb within layouts/application (27.5ms)
  Rendered cats/new.html.erb within layouts/application (21.6ms)
Completed 200 OK in 221ms (Views: 140.0ms | ActiveRecord: 23.9ms)


Completed 200 OK in 229ms (Views: 138.9ms | ActiveRecord: 0.0ms)


Completed 200 OK in 245ms (Views: 168.5ms | ActiveRecord: 0.0ms)


Started GET "/" for 127.0.0.1 at 2019-05-24 11:28:05 -0400
  [1m[35m (0.8ms)[0m  [1m[34mSELECT "schema_migrations"."version" FROM "schema_migrations" ORDER BY "schema_migrations"."version" ASC[0m
Processing by RootController#index as HTML
  Rendering root/index.html.erb within layouts/application
  Rendered root/index.html.erb within layouts/application (0.9ms)
Completed 200 OK in 226ms (Views: 219.4ms | ActiveRecord: 0.0ms)


Started GET "/cats" for 127.0.0.1 at 2019-05-24 11:28:07 -0400
Processing by CatsController#index as HTML
  Rendering cats/index.html.erb within layouts/application
  [1m[36mCat Load (0.6ms)[0m  [1m[34mSELECT "cats".* FROM "cats"[0m
  Rendered cats/index.html.erb within layouts/application (51.6ms)
Completed 200 OK in 133ms (Views: 113.6ms | ActiveRecord: 12.3ms)


Started GET "/cats/new" for 127.0.0.1 at 2019-05-24 11:28:09 -0400
Processing by CatsController#new as HTML
  Rendering cats/new.html.erb within layouts/application
  Rendered cats/new.html.erb within layouts/application (13.9ms)
Completed 200 OK in 48ms (Views: 46.6ms | ActiveRecord: 0.0ms)


Started POST "/cats" for 127.0.0.1 at 2019-05-24 11:28:12 -0400
Processing by CatsController#create as HTML
  Parameters: {"utf8"=>"✓", "authenticity_token"=>"zQJ22GFFrJ/Ab+j8xSG9GD1qDYEUyDi/6nGQUFixD/vsxBHK3kNvMYJsayOI8CsI5jX9f0PyZj7L//++1+1CsA==", "cat"=>{"name"=>"someone", "breed"=>"ugly"}, "commit"=>"Add new cat"}
  [1m[35m (0.6ms)[0m  [1m[35mBEGIN[0m
  [1m[35mSQL (9.2ms)[0m  [1m[32mINSERT INTO "cats" ("name", "breed", "created_at", "updated_at") VALUES ($1, $2, $3, $4) RETURNING "id"[0m  [["name", "someone"], ["breed", "ugly"], ["created_at", "2019-05-24 15:28:12.534253"], ["updated_at", "2019-05-24 15:28:12.534253"]]
  [1m[35m (3.2ms)[0m  [1m[35mCOMMIT[0m
Redirected to http://localhost:3000/cats/23
Completed 302 Found in 25ms (ActiveRecord: 13.0ms)


Started GET "/cats/23" for 127.0.0.1 at 2019-05-24 11:28:12 -0400
Processing by CatsController#show as HTML
  Parameters: {"id"=>"23"}
  [1m[36mCat Load (0.2ms)[0m  [1m[34mSELECT  "cats".* FROM "cats" WHERE "cats"."id" = $1 LIMIT $2[0m  [["id", 23], ["LIMIT", 1]]
  Rendering cats/show.html.erb within layouts/application
  Rendered cats/show.html.erb within layouts/application (0.6ms)
Completed 200 OK in 30ms (Views: 25.4ms | ActiveRecord: 0.4ms)


Started GET "/cats" for 127.0.0.1 at 2019-05-24 11:28:16 -0400
Processing by CatsController#index as HTML
  Rendering cats/index.html.erb within layouts/application
  [1m[36mCat Load (4.8ms)[0m  [1m[34mSELECT "cats".* FROM "cats"[0m
  Rendered cats/index.html.erb within layouts/application (8.5ms)
Completed 200 OK in 38ms (Views: 31.7ms | ActiveRecord: 4.8ms)


Started GET "/cats/new" for 127.0.0.1 at 2019-05-24 11:28:26 -0400
Processing by CatsController#new as HTML
  Rendering cats/new.html.erb within layouts/application
  Rendered cats/new.html.erb within layouts/application (4.0ms)
Completed 200 OK in 42ms (Views: 23.6ms | ActiveRecord: 7.5ms)


Started POST "/cats" for 127.0.0.1 at 2019-05-24 11:28:29 -0400
Processing by CatsController#create as HTML
  Parameters: {"utf8"=>"✓", "authenticity_token"=>"hH+jqSRxnBgJcLMTRhxHzAQ5JKdTVtmcot1LocasfSdrOcBrXj98vO0seXMWI1KtgE4subIvMulYKy1WCRXmPg==", "cat"=>{"name"=>"someone", "breed"=>"ugly"}, "commit"=>"Add new cat"}
  [1m[35m (0.2ms)[0m  [1m[35mBEGIN[0m
  [1m[35mSQL (0.3ms)[0m  [1m[32mINSERT INTO "cats" ("name", "breed", "created_at", "updated_at") VALUES ($1, $2, $3, $4) RETURNING "id"[0m  [["name", "someone"], ["breed", "ugly"], ["created_at", "2019-05-24 15:30:27.513235"], ["updated_at", "2019-05-24 15:30:27.513235"]]
  [1m[35m (8.8ms)[0m  [1m[35mCOMMIT[0m
Redirected to http://localhost:3000/cats/24
Completed 302 Found in 117848ms (ActiveRecord: 9.3ms)


Started GET "/cats/24" for 127.0.0.1 at 2019-05-24 11:30:27 -0400
Processing by CatsController#show as HTML
  Parameters: {"id"=>"24"}
  [1m[36mCat Load (0.3ms)[0m  [1m[34mSELECT  "cats".* FROM "cats" WHERE "cats"."id" = $1 LIMIT $2[0m  [["id", 24], ["LIMIT", 1]]
  Rendering cats/show.html.erb within layouts/application
  Rendered cats/show.html.erb within layouts/application (7.7ms)
Completed 200 OK in 85ms (Views: 76.1ms | ActiveRecord: 0.7ms)


Started GET "/cats" for 127.0.0.1 at 2019-05-24 11:30:34 -0400
Processing by CatsController#index as HTML
  Rendering cats/index.html.erb within layouts/application
  [1m[36mCat Load (0.3ms)[0m  [1m[34mSELECT "cats".* FROM "cats"[0m
  Rendered cats/index.html.erb within layouts/application (2.8ms)
Completed 200 OK in 25ms (Views: 22.5ms | ActiveRecord: 0.3ms)


Started GET "/cats" for 127.0.0.1 at 2019-05-24 11:30:35 -0400
Processing by CatsController#index as HTML
  Rendering cats/index.html.erb within layouts/application
  [1m[36mCat Load (0.5ms)[0m  [1m[34mSELECT "cats".* FROM "cats"[0m
  Rendered cats/index.html.erb within layouts/application (4.0ms)
Completed 200 OK in 22ms (Views: 20.5ms | ActiveRecord: 0.5ms)


Started GET "/cats/23" for 127.0.0.1 at 2019-05-24 11:31:38 -0400
Processing by CatsController#show as HTML
  Parameters: {"id"=>"23"}
  [1m[36mCat Load (0.3ms)[0m  [1m[34mSELECT  "cats".* FROM "cats" WHERE "cats"."id" = $1 LIMIT $2[0m  [["id", 23], ["LIMIT", 1]]
  Rendering cats/show.html.erb within layouts/application
  Rendered cats/show.html.erb within layouts/application (0.6ms)
Completed 200 OK in 55ms (Views: 41.3ms | ActiveRecord: 0.3ms)


Started GET "/cats/new" for 127.0.0.1 at 2019-05-24 11:37:11 -0400
Processing by CatsController#new as HTML
  Rendering cats/new.html.erb within layouts/application
  Rendered cats/new.html.erb within layouts/application (1.6ms)
Completed 200 OK in 28ms (Views: 21.6ms | ActiveRecord: 0.0ms)


Started POST "/cats" for 127.0.0.1 at 2019-05-24 11:37:16 -0400
Processing by CatsController#create as HTML
  Parameters: {"utf8"=>"✓", "authenticity_token"=>"DfsvJx2wMGrB9M8EvRhqu47kISdJ8FKFr7PIJ3UCvTTivUzlZ/7QziWoBWTtJ3/aCpMpOaiJufBVRa7QursmLQ==", "cat"=>{"name"=>"someone", "breed"=>"ugly"}, "commit"=>"Add new cat"}
  [1m[35m (0.2ms)[0m  [1m[35mBEGIN[0m
  [1m[35m (22.6ms)[0m  [1m[31mROLLBACK[0m
Completed 500 Internal Server Error in 35ms (ActiveRecord: 22.7ms)


  
NoMethodError (undefined method `names' for #<Cat:0x00007ffc961115f8>
Did you mean?  name
               name=
               name?):
  
app/controllers/cats_controller.rb:16:in `create'
Started PUT "/__web_console/repl_sessions/f198a1fbf51a109653be9a635095ac41" for 127.0.0.1 at 2019-05-24 11:37:33 -0400
Started PUT "/__web_console/repl_sessions/f198a1fbf51a109653be9a635095ac41" for 127.0.0.1 at 2019-05-24 11:37:33 -0400
Started POST "/cats" for 127.0.0.1 at 2019-05-24 11:37:36 -0400
Processing by CatsController#create as HTML
  Parameters: {"utf8"=>"✓", "authenticity_token"=>"DfsvJx2wMGrB9M8EvRhqu47kISdJ8FKFr7PIJ3UCvTTivUzlZ/7QziWoBWTtJ3/aCpMpOaiJufBVRa7QursmLQ==", "cat"=>{"name"=>"someone", "breed"=>"ugly"}, "commit"=>"Add new cat"}
  [1m[35m (0.2ms)[0m  [1m[35mBEGIN[0m
  [1m[35m (0.1ms)[0m  [1m[31mROLLBACK[0m
Completed 500 Internal Server Error in 6ms (ActiveRecord: 0.3ms)


  
NoMethodError (undefined method `names' for #<Cat:0x00007ffc90f7a2f8>
Did you mean?  name
               name=
               name?):
  
app/controllers/cats_controller.rb:16:in `create'
Started POST "/cats" for 127.0.0.1 at 2019-05-24 11:37:45 -0400
Processing by CatsController#create as HTML
  Parameters: {"utf8"=>"✓", "authenticity_token"=>"DfsvJx2wMGrB9M8EvRhqu47kISdJ8FKFr7PIJ3UCvTTivUzlZ/7QziWoBWTtJ3/aCpMpOaiJufBVRa7QursmLQ==", "cat"=>{"name"=>"someone", "breed"=>"ugly"}, "commit"=>"Add new cat"}
  [1m[35m (0.2ms)[0m  [1m[35mBEGIN[0m
  [1m[35m (0.2ms)[0m  [1m[31mROLLBACK[0m
Completed 500 Internal Server Error in 15ms (ActiveRecord: 0.3ms)


  
NoMethodError (undefined method `names' for #<Cat:0x00007ffc942eb510>
Did you mean?  name
               name=
               name?):
  
app/controllers/cats_controller.rb:16:in `create'
Started GET "/" for 127.0.0.1 at 2019-05-24 11:37:48 -0400
Processing by RootController#index as HTML
  Rendering root/index.html.erb within layouts/application
  Rendered root/index.html.erb within layouts/application (0.4ms)
Completed 200 OK in 41ms (Views: 38.7ms | ActiveRecord: 0.0ms)


Started GET "/cats" for 127.0.0.1 at 2019-05-24 11:37:50 -0400
Processing by CatsController#index as HTML
  Rendering cats/index.html.erb within layouts/application
  [1m[36mCat Load (0.4ms)[0m  [1m[34mSELECT "cats".* FROM "cats"[0m
  Rendered cats/index.html.erb within layouts/application (13.2ms)
Completed 200 OK in 36ms (Views: 33.9ms | ActiveRecord: 0.4ms)


Started GET "/cats/new" for 127.0.0.1 at 2019-05-24 11:37:52 -0400
Processing by CatsController#new as HTML
  Rendering cats/new.html.erb within layouts/application
  Rendered cats/new.html.erb within layouts/application (3.1ms)
Completed 200 OK in 35ms (Views: 33.3ms | ActiveRecord: 0.0ms)


Started POST "/cats" for 127.0.0.1 at 2019-05-24 11:38:14 -0400
Processing by CatsController#create as HTML
  Parameters: {"utf8"=>"✓", "authenticity_token"=>"pD/RC8ncfZVKYAdIMGecqkZWFkWhYP4AKyYU2+f6UrCF+bYZdtq+OwhjhJd9tgq6nQnmu/ZaoIEKqHs1aKYf+w==", "cat"=>{"name"=>"", "breed"=>"ugly"}, "commit"=>"Add new cat"}
  [1m[35m (0.3ms)[0m  [1m[35mBEGIN[0m
  [1m[35m (0.2ms)[0m  [1m[31mROLLBACK[0m
  Rendering cats/new.html.erb within layouts/application
  Rendered cats/new.html.erb within layouts/application (1.0ms)
Completed 200 OK in 69266ms (Views: 26.1ms | ActiveRecord: 5.6ms)


Started POST "/cats" for 127.0.0.1 at 2019-05-24 11:40:40 -0400
Processing by CatsController#create as HTML
  Parameters: {"utf8"=>"✓", "authenticity_token"=>"js/fWzRSE/QYYxP8yP0XjSc+PJuHWz7g2douKEUuaiJhibyZThzzUPw/2ZyYwgLso0k0hWYi1ZUjLEjfipfxOw==", "cat"=>{"name"=>"", "breed"=>"ugly"}, "commit"=>"Add new cat"}
  [1m[35m (0.3ms)[0m  [1m[35mBEGIN[0m
  [1m[35m (0.8ms)[0m  [1m[31mROLLBACK[0m
Redirected to http://localhost:3000/cats/new
Completed 302 Found in 9ms (ActiveRecord: 1.1ms)


Started GET "/cats/new" for 127.0.0.1 at 2019-05-24 11:40:40 -0400
Processing by CatsController#new as HTML
  Rendering cats/new.html.erb within layouts/application
  Rendered cats/new.html.erb within layouts/application (1.2ms)
Completed 200 OK in 24ms (Views: 22.4ms | ActiveRecord: 0.0ms)


Started POST "/cats" for 127.0.0.1 at 2019-05-24 11:40:43 -0400
Processing by CatsController#create as HTML
  Parameters: {"utf8"=>"✓", "authenticity_token"=>"ZfnsqCFYEG9mZVbTzg1b6B3zaavc/OHSy95e+tqLky2Kv49qWxbwy4I5nLOeMk6JmYRhtT2FCqcxKDgNFTIINA==", "cat"=>{"name"=>"", "breed"=>"ugly"}, "commit"=>"Add new cat"}
  [1m[35m (0.2ms)[0m  [1m[35mBEGIN[0m
  [1m[35m (0.3ms)[0m  [1m[31mROLLBACK[0m
Redirected to http://localhost:3000/cats/new
Completed 302 Found in 4ms (ActiveRecord: 0.4ms)


Started GET "/cats/new" for 127.0.0.1 at 2019-05-24 11:40:43 -0400
Processing by CatsController#new as HTML
  Rendering cats/new.html.erb within layouts/application
  Rendered cats/new.html.erb within layouts/application (1.5ms)
Completed 200 OK in 22ms (Views: 20.8ms | ActiveRecord: 0.0ms)


Started GET "/cats" for 127.0.0.1 at 2019-05-24 11:50:29 -0400
Processing by CatsController#index as HTML
  Rendering cats/index.html.erb within layouts/application
  [1m[36mCat Load (8.3ms)[0m  [1m[34mSELECT "cats".* FROM "cats"[0m
  Rendered cats/index.html.erb within layouts/application (50.4ms)
Completed 200 OK in 100ms (Views: 67.3ms | ActiveRecord: 20.7ms)


Started GET "/cats/3/edit" for 127.0.0.1 at 2019-05-24 11:50:33 -0400
  
AbstractController::ActionNotFound (The action 'edit' could not be found for CatsController):
  
actionpack (5.1.4) lib/abstract_controller/base.rb:119:in `process'
actionview (5.1.4) lib/action_view/rendering.rb:30:in `process'
actionpack (5.1.4) lib/action_controller/metal.rb:189:in `dispatch'
actionpack (5.1.4) lib/action_controller/metal.rb:253:in `dispatch'
actionpack (5.1.4) lib/action_dispatch/routing/route_set.rb:49:in `dispatch'
actionpack (5.1.4) lib/action_dispatch/routing/route_set.rb:31:in `serve'
actionpack (5.1.4) lib/action_dispatch/journey/router.rb:50:in `block in serve'
actionpack (5.1.4) lib/action_dispatch/journey/router.rb:33:in `each'
actionpack (5.1.4) lib/action_dispatch/journey/router.rb:33:in `serve'
actionpack (5.1.4) lib/action_dispatch/routing/route_set.rb:834:in `call'
rack (2.0.3) lib/rack/etag.rb:25:in `call'
rack (2.0.3) lib/rack/conditional_get.rb:25:in `call'
rack (2.0.3) lib/rack/head.rb:12:in `call'
rack (2.0.3) lib/rack/session/abstract/id.rb:232:in `context'
rack (2.0.3) lib/rack/session/abstract/id.rb:226:in `call'
actionpack (5.1.4) lib/action_dispatch/middleware/cookies.rb:613:in `call'
activerecord (5.1.4) lib/active_record/migration.rb:556:in `call'
actionpack (5.1.4) lib/action_dispatch/middleware/callbacks.rb:26:in `block in call'
activesupport (5.1.4) lib/active_support/callbacks.rb:97:in `run_callbacks'
actionpack (5.1.4) lib/action_dispatch/middleware/callbacks.rb:24:in `call'
actionpack (5.1.4) lib/action_dispatch/middleware/executor.rb:12:in `call'
actionpack (5.1.4) lib/action_dispatch/middleware/debug_exceptions.rb:59:in `call'
web-console (3.5.1) lib/web_console/middleware.rb:135:in `call_app'
web-console (3.5.1) lib/web_console/middleware.rb:28:in `block in call'
web-console (3.5.1) lib/web_console/middleware.rb:18:in `catch'
web-console (3.5.1) lib/web_console/middleware.rb:18:in `call'
actionpack (5.1.4) lib/action_dispatch/middleware/show_exceptions.rb:31:in `call'
railties (5.1.4) lib/rails/rack/logger.rb:36:in `call_app'
railties (5.1.4) lib/rails/rack/logger.rb:24:in `block in call'
activesupport (5.1.4) lib/active_support/tagged_logging.rb:69:in `block in tagged'
activesupport (5.1.4) lib/active_support/tagged_logging.rb:26:in `tagged'
activesupport (5.1.4) lib/active_support/tagged_logging.rb:69:in `tagged'
railties (5.1.4) lib/rails/rack/logger.rb:24:in `call'
sprockets-rails (3.2.1) lib/sprockets/rails/quiet_assets.rb:13:in `call'
actionpack (5.1.4) lib/action_dispatch/middleware/remote_ip.rb:79:in `call'
actionpack (5.1.4) lib/action_dispatch/middleware/request_id.rb:25:in `call'
rack (2.0.3) lib/rack/method_override.rb:22:in `call'
rack (2.0.3) lib/rack/runtime.rb:22:in `call'
activesupport (5.1.4) lib/active_support/cache/strategy/local_cache_middleware.rb:27:in `call'
actionpack (5.1.4) lib/action_dispatch/middleware/executor.rb:12:in `call'
actionpack (5.1.4) lib/action_dispatch/middleware/static.rb:125:in `call'
rack (2.0.3) lib/rack/sendfile.rb:111:in `call'
railties (5.1.4) lib/rails/engine.rb:522:in `call'
puma (3.11.0) lib/puma/configuration.rb:225:in `call'
puma (3.11.0) lib/puma/server.rb:624:in `handle_request'
puma (3.11.0) lib/puma/server.rb:438:in `process_client'
puma (3.11.0) lib/puma/server.rb:302:in `block in run'
puma (3.11.0) lib/puma/thread_pool.rb:120:in `block in spawn_thread'
Started GET "/cats" for 127.0.0.1 at 2019-05-24 11:50:35 -0400
Processing by CatsController#index as HTML
  Rendering cats/index.html.erb within layouts/application
  [1m[36mCat Load (0.4ms)[0m  [1m[34mSELECT "cats".* FROM "cats"[0m
  Rendered cats/index.html.erb within layouts/application (64.0ms)
Completed 200 OK in 79ms (Views: 77.5ms | ActiveRecord: 0.4ms)


Started GET "/cats/1/edit" for 127.0.0.1 at 2019-05-24 12:01:10 -0400
Processing by CatsController#edit as HTML
  Parameters: {"id"=>"1"}
  [1m[36mCat Load (0.3ms)[0m  [1m[34mSELECT  "cats".* FROM "cats" WHERE "cats"."id" = $1 LIMIT $2[0m  [["id", 1], ["LIMIT", 1]]
  Rendering cats/edit.html.erb within layouts/application
  Rendered cats/edit.html.erb within layouts/application (1.0ms)
Completed 500 Internal Server Error in 19ms (ActiveRecord: 3.1ms)


  
SyntaxError (/Users/caiyang/Desktop/sei/unit4/labs/rails-forms-helpers-and-partials/CatApp/app/views/cats/edit.html.erb:3: syntax error, unexpected tIDENTIFIER, expecting end
...r.append=  form_for @cat method: :put do |f| @output_buffer....
...                         ^~~~~~
/Users/caiyang/Desktop/sei/unit4/labs/rails-forms-helpers-and-partials/CatApp/app/views/cats/edit.html.erb:9: syntax error, unexpected ensure, expecting end-of-input
          ensure
          ^~~~~~):
  
app/views/cats/edit.html.erb:3: syntax error, unexpected tIDENTIFIER, expecting end
app/views/cats/edit.html.erb:9: syntax error, unexpected ensure, expecting end-of-input
Started GET "/cats/1/edit" for 127.0.0.1 at 2019-05-24 12:02:03 -0400
Processing by CatsController#edit as HTML
  Parameters: {"id"=>"1"}
  [1m[36mCat Load (0.5ms)[0m  [1m[34mSELECT  "cats".* FROM "cats" WHERE "cats"."id" = $1 LIMIT $2[0m  [["id", 1], ["LIMIT", 1]]
  Rendering cats/edit.html.erb within layouts/application
  Rendered cats/edit.html.erb within layouts/application (3.1ms)
Completed 200 OK in 66ms (Views: 60.9ms | ActiveRecord: 0.5ms)


Started GET "/cats" for 127.0.0.1 at 2019-05-24 12:02:09 -0400
Processing by CatsController#index as HTML
  Rendering cats/index.html.erb within layouts/application
  [1m[36mCat Load (2.2ms)[0m  [1m[34mSELECT "cats".* FROM "cats"[0m
  Rendered cats/index.html.erb within layouts/application (39.0ms)
Completed 200 OK in 59ms (Views: 55.6ms | ActiveRecord: 2.2ms)


Started GET "/cats/4/edit" for 127.0.0.1 at 2019-05-24 12:02:10 -0400
Processing by CatsController#edit as HTML
  Parameters: {"id"=>"4"}
  [1m[36mCat Load (0.4ms)[0m  [1m[34mSELECT  "cats".* FROM "cats" WHERE "cats"."id" = $1 LIMIT $2[0m  [["id", 4], ["LIMIT", 1]]
  Rendering cats/edit.html.erb within layouts/application
  Rendered cats/edit.html.erb within layouts/application (1.2ms)
Completed 200 OK in 53ms (Views: 22.7ms | ActiveRecord: 0.4ms)


Started GET "/cats/6/edit" for 127.0.0.1 at 2019-05-24 12:02:12 -0400
Processing by CatsController#edit as HTML
  Parameters: {"id"=>"6"}
  [1m[36mCat Load (5.1ms)[0m  [1m[34mSELECT  "cats".* FROM "cats" WHERE "cats"."id" = $1 LIMIT $2[0m  [["id", 6], ["LIMIT", 1]]
  Rendering cats/edit.html.erb within layouts/application
  Rendered cats/edit.html.erb within layouts/application (1.5ms)
Completed 200 OK in 56ms (Views: 18.2ms | ActiveRecord: 5.1ms)


Started GET "/cats/13/edit" for 127.0.0.1 at 2019-05-24 12:02:18 -0400
Processing by CatsController#edit as HTML
  Parameters: {"id"=>"13"}
  [1m[36mCat Load (0.4ms)[0m  [1m[34mSELECT  "cats".* FROM "cats" WHERE "cats"."id" = $1 LIMIT $2[0m  [["id", 13], ["LIMIT", 1]]
  Rendering cats/edit.html.erb within layouts/application
  Rendered cats/edit.html.erb within layouts/application (1.8ms)
Completed 200 OK in 93ms (Views: 52.1ms | ActiveRecord: 0.4ms)


Started GET "/cats/15/edit" for 127.0.0.1 at 2019-05-24 12:02:21 -0400
Processing by CatsController#edit as HTML
  Parameters: {"id"=>"15"}
  [1m[36mCat Load (0.7ms)[0m  [1m[34mSELECT  "cats".* FROM "cats" WHERE "cats"."id" = $1 LIMIT $2[0m  [["id", 15], ["LIMIT", 1]]
  Rendering cats/edit.html.erb within layouts/application
  Rendered cats/edit.html.erb within layouts/application (3.3ms)
Completed 200 OK in 36ms (Views: 28.1ms | ActiveRecord: 0.7ms)


Started PATCH "/cats/15" for 127.0.0.1 at 2019-05-24 12:02:53 -0400
  
AbstractController::ActionNotFound (The action 'update' could not be found for CatsController):
  
actionpack (5.1.4) lib/abstract_controller/base.rb:119:in `process'
actionview (5.1.4) lib/action_view/rendering.rb:30:in `process'
actionpack (5.1.4) lib/action_controller/metal.rb:189:in `dispatch'
actionpack (5.1.4) lib/action_controller/metal.rb:253:in `dispatch'
actionpack (5.1.4) lib/action_dispatch/routing/route_set.rb:49:in `dispatch'
actionpack (5.1.4) lib/action_dispatch/routing/route_set.rb:31:in `serve'
actionpack (5.1.4) lib/action_dispatch/journey/router.rb:50:in `block in serve'
actionpack (5.1.4) lib/action_dispatch/journey/router.rb:33:in `each'
actionpack (5.1.4) lib/action_dispatch/journey/router.rb:33:in `serve'
actionpack (5.1.4) lib/action_dispatch/routing/route_set.rb:834:in `call'
rack (2.0.3) lib/rack/etag.rb:25:in `call'
rack (2.0.3) lib/rack/conditional_get.rb:38:in `call'
rack (2.0.3) lib/rack/head.rb:12:in `call'
rack (2.0.3) lib/rack/session/abstract/id.rb:232:in `context'
rack (2.0.3) lib/rack/session/abstract/id.rb:226:in `call'
actionpack (5.1.4) lib/action_dispatch/middleware/cookies.rb:613:in `call'
activerecord (5.1.4) lib/active_record/migration.rb:556:in `call'
actionpack (5.1.4) lib/action_dispatch/middleware/callbacks.rb:26:in `block in call'
activesupport (5.1.4) lib/active_support/callbacks.rb:97:in `run_callbacks'
actionpack (5.1.4) lib/action_dispatch/middleware/callbacks.rb:24:in `call'
actionpack (5.1.4) lib/action_dispatch/middleware/executor.rb:12:in `call'
actionpack (5.1.4) lib/action_dispatch/middleware/debug_exceptions.rb:59:in `call'
web-console (3.5.1) lib/web_console/middleware.rb:135:in `call_app'
web-console (3.5.1) lib/web_console/middleware.rb:28:in `block in call'
web-console (3.5.1) lib/web_console/middleware.rb:18:in `catch'
web-console (3.5.1) lib/web_console/middleware.rb:18:in `call'
actionpack (5.1.4) lib/action_dispatch/middleware/show_exceptions.rb:31:in `call'
railties (5.1.4) lib/rails/rack/logger.rb:36:in `call_app'
railties (5.1.4) lib/rails/rack/logger.rb:24:in `block in call'
activesupport (5.1.4) lib/active_support/tagged_logging.rb:69:in `block in tagged'
activesupport (5.1.4) lib/active_support/tagged_logging.rb:26:in `tagged'
activesupport (5.1.4) lib/active_support/tagged_logging.rb:69:in `tagged'
railties (5.1.4) lib/rails/rack/logger.rb:24:in `call'
sprockets-rails (3.2.1) lib/sprockets/rails/quiet_assets.rb:13:in `call'
actionpack (5.1.4) lib/action_dispatch/middleware/remote_ip.rb:79:in `call'
actionpack (5.1.4) lib/action_dispatch/middleware/request_id.rb:25:in `call'
rack (2.0.3) lib/rack/method_override.rb:22:in `call'
rack (2.0.3) lib/rack/runtime.rb:22:in `call'
activesupport (5.1.4) lib/active_support/cache/strategy/local_cache_middleware.rb:27:in `call'
actionpack (5.1.4) lib/action_dispatch/middleware/executor.rb:12:in `call'
actionpack (5.1.4) lib/action_dispatch/middleware/static.rb:125:in `call'
rack (2.0.3) lib/rack/sendfile.rb:111:in `call'
railties (5.1.4) lib/rails/engine.rb:522:in `call'
puma (3.11.0) lib/puma/configuration.rb:225:in `call'
puma (3.11.0) lib/puma/server.rb:624:in `handle_request'
puma (3.11.0) lib/puma/server.rb:438:in `process_client'
puma (3.11.0) lib/puma/server.rb:302:in `block in run'
puma (3.11.0) lib/puma/thread_pool.rb:120:in `block in spawn_thread'
Started GET "/cats" for 127.0.0.1 at 2019-05-24 12:02:56 -0400
Processing by CatsController#index as HTML
  Rendering cats/index.html.erb within layouts/application
  [1m[36mCat Load (1.1ms)[0m  [1m[34mSELECT "cats".* FROM "cats"[0m
  Rendered cats/index.html.erb within layouts/application (13.3ms)
Completed 200 OK in 69ms (Views: 63.8ms | ActiveRecord: 1.0ms)


Started GET "/cats/1/edit" for 127.0.0.1 at 2019-05-24 12:05:36 -0400
Processing by CatsController#edit as HTML
  Parameters: {"id"=>"1"}
  [1m[36mCat Load (0.2ms)[0m  [1m[34mSELECT  "cats".* FROM "cats" WHERE "cats"."id" = $1 LIMIT $2[0m  [["id", 1], ["LIMIT", 1]]
  Rendering cats/edit.html.erb within layouts/application
  Rendered cats/edit.html.erb within layouts/application (0.8ms)
Completed 500 Internal Server Error in 17ms (ActiveRecord: 5.1ms)


  
SyntaxError (/Users/caiyang/Desktop/sei/unit4/labs/rails-forms-helpers-and-partials/CatApp/app/views/cats/edit.html.erb:3: syntax error, unexpected tIDENTIFIER, expecting end
...r.append=  form_for @cat method: :put do |f| @output_buffer....
...                         ^~~~~~
/Users/caiyang/Desktop/sei/unit4/labs/rails-forms-helpers-and-partials/CatApp/app/views/cats/edit.html.erb:9: syntax error, unexpected ensure, expecting end-of-input
          ensure
          ^~~~~~):
  
app/views/cats/edit.html.erb:3: syntax error, unexpected tIDENTIFIER, expecting end
app/views/cats/edit.html.erb:9: syntax error, unexpected ensure, expecting end-of-input
Started GET "/cats/1/edit" for 127.0.0.1 at 2019-05-24 12:06:11 -0400
Processing by CatsController#edit as HTML
  Parameters: {"id"=>"1"}
  [1m[36mCat Load (0.3ms)[0m  [1m[34mSELECT  "cats".* FROM "cats" WHERE "cats"."id" = $1 LIMIT $2[0m  [["id", 1], ["LIMIT", 1]]
  Rendering cats/edit.html.erb within layouts/application
  Rendered cats/edit.html.erb within layouts/application (1.0ms)
Completed 500 Internal Server Error in 15ms (ActiveRecord: 0.3ms)


  
SyntaxError (/Users/caiyang/Desktop/sei/unit4/labs/rails-forms-helpers-and-partials/CatApp/app/views/cats/edit.html.erb:3: syntax error, unexpected tIDENTIFIER, expecting end
...r.append=  form_for @cat method: :put do |f| @output_buffer....
...                         ^~~~~~
/Users/caiyang/Desktop/sei/unit4/labs/rails-forms-helpers-and-partials/CatApp/app/views/cats/edit.html.erb:9: syntax error, unexpected ensure, expecting end-of-input
          ensure
          ^~~~~~):
  
app/views/cats/edit.html.erb:3: syntax error, unexpected tIDENTIFIER, expecting end
app/views/cats/edit.html.erb:9: syntax error, unexpected ensure, expecting end-of-input
Started GET "/cats/1" for 127.0.0.1 at 2019-05-24 12:06:15 -0400
Processing by CatsController#show as HTML
  Parameters: {"id"=>"1"}
  [1m[36mCat Load (0.9ms)[0m  [1m[34mSELECT  "cats".* FROM "cats" WHERE "cats"."id" = $1 LIMIT $2[0m  [["id", 1], ["LIMIT", 1]]
  Rendering cats/show.html.erb within layouts/application
  Rendered cats/show.html.erb within layouts/application (0.7ms)
Completed 200 OK in 62ms (Views: 55.3ms | ActiveRecord: 0.9ms)


Started GET "/cats" for 127.0.0.1 at 2019-05-24 12:06:17 -0400
Processing by CatsController#index as HTML
  Rendering cats/index.html.erb within layouts/application
  [1m[36mCat Load (0.5ms)[0m  [1m[34mSELECT "cats".* FROM "cats"[0m
  Rendered cats/index.html.erb within layouts/application (23.9ms)
Completed 200 OK in 46ms (Views: 42.6ms | ActiveRecord: 0.5ms)


Started GET "/cats/1/edit" for 127.0.0.1 at 2019-05-24 12:06:19 -0400
Processing by CatsController#edit as HTML
  Parameters: {"id"=>"1"}
  [1m[36mCat Load (1.9ms)[0m  [1m[34mSELECT  "cats".* FROM "cats" WHERE "cats"."id" = $1 LIMIT $2[0m  [["id", 1], ["LIMIT", 1]]
  Rendering cats/edit.html.erb within layouts/application
  Rendered cats/edit.html.erb within layouts/application (0.7ms)
Completed 500 Internal Server Error in 34ms (ActiveRecord: 1.9ms)


  
SyntaxError (/Users/caiyang/Desktop/sei/unit4/labs/rails-forms-helpers-and-partials/CatApp/app/views/cats/edit.html.erb:3: syntax error, unexpected tIDENTIFIER, expecting end
...r.append=  form_for @cat method: :put do |f| @output_buffer....
...                         ^~~~~~
/Users/caiyang/Desktop/sei/unit4/labs/rails-forms-helpers-and-partials/CatApp/app/views/cats/edit.html.erb:9: syntax error, unexpected ensure, expecting end-of-input
          ensure
          ^~~~~~):
  
app/views/cats/edit.html.erb:3: syntax error, unexpected tIDENTIFIER, expecting end
app/views/cats/edit.html.erb:9: syntax error, unexpected ensure, expecting end-of-input
Started GET "/cats" for 127.0.0.1 at 2019-05-24 12:06:20 -0400
Processing by CatsController#index as HTML
  Rendering cats/index.html.erb within layouts/application
  [1m[36mCat Load (0.3ms)[0m  [1m[34mSELECT "cats".* FROM "cats"[0m
  Rendered cats/index.html.erb within layouts/application (5.4ms)
Completed 200 OK in 42ms (Views: 40.9ms | ActiveRecord: 0.3ms)


Started GET "/cats/1/edit" for 127.0.0.1 at 2019-05-24 12:08:43 -0400
Processing by CatsController#edit as HTML
  Parameters: {"id"=>"1"}
  [1m[36mCat Load (0.2ms)[0m  [1m[34mSELECT  "cats".* FROM "cats" WHERE "cats"."id" = $1 LIMIT $2[0m  [["id", 1], ["LIMIT", 1]]
  Rendering cats/edit.html.erb within layouts/application
  Rendered cats/edit.html.erb within layouts/application (1.4ms)
Completed 200 OK in 85ms (Views: 70.3ms | ActiveRecord: 0.2ms)


Started GET "/cats/12/edit" for 127.0.0.1 at 2019-05-24 12:08:51 -0400
Processing by CatsController#edit as HTML
  Parameters: {"id"=>"12"}
  [1m[36mCat Load (19.9ms)[0m  [1m[34mSELECT  "cats".* FROM "cats" WHERE "cats"."id" = $1 LIMIT $2[0m  [["id", 12], ["LIMIT", 1]]
  Rendering cats/edit.html.erb within layouts/application
  Rendered cats/edit.html.erb within layouts/application (1.4ms)
Completed 200 OK in 50ms (Views: 18.9ms | ActiveRecord: 19.9ms)


Started PATCH "/cats/12" for 127.0.0.1 at 2019-05-24 12:09:04 -0400
Processing by CatsController#update as HTML
  Parameters: {"utf8"=>"✓", "authenticity_token"=>"aT4Ifjk7X/ofC42oY1Cl14lTluOGmJehi5o5otkgaJGrh8+p9Tqr9OPHPC1vAUdUgtmzwnAiFrdELS9aeW/ETA==", "cat"=>{"name"=>"Shadow-butt", "breed"=>"Raas"}, "commit"=>"Edit cat", "id"=>"12"}
  [1m[36mCat Load (0.4ms)[0m  [1m[34mSELECT  "cats".* FROM "cats" WHERE "cats"."id" = $1 LIMIT $2[0m  [["id", 12], ["LIMIT", 1]]
  [1m[35m (0.3ms)[0m  [1m[35mBEGIN[0m
  [1m[35mSQL (12.5ms)[0m  [1m[33mUPDATE "cats" SET "name" = $1, "updated_at" = $2 WHERE "cats"."id" = $3[0m  [["name", "Shadow-butt"], ["updated_at", "2019-05-24 16:09:04.403105"], ["id", 12]]
  [1m[35m (10.3ms)[0m  [1m[35mCOMMIT[0m
Redirected to http://localhost:3000/cats/12
Completed 302 Found in 31ms (ActiveRecord: 23.6ms)


Started GET "/cats/12" for 127.0.0.1 at 2019-05-24 12:09:04 -0400
Processing by CatsController#show as HTML
  Parameters: {"id"=>"12"}
  [1m[36mCat Load (0.2ms)[0m  [1m[34mSELECT  "cats".* FROM "cats" WHERE "cats"."id" = $1 LIMIT $2[0m  [["id", 12], ["LIMIT", 1]]
  Rendering cats/show.html.erb within layouts/application
  Rendered cats/show.html.erb within layouts/application (0.8ms)
Completed 200 OK in 29ms (Views: 26.4ms | ActiveRecord: 0.2ms)


Started PATCH "/cats/12" for 127.0.0.1 at 2019-05-24 12:10:18 -0400
Processing by CatsController#update as HTML
  Parameters: {"utf8"=>"✓", "authenticity_token"=>"4KRcBhIb58Z3ZYpq/pRIHCEx+dv1BRUMaHKJdo5bFuAP4j/EaFUHYpM5QAquq119pUbxxRR8/nmShO+BQeKN+Q==", "cat"=>{"name"=>"Shadow-ugly", "breed"=>"Raas"}, "commit"=>"Edit cat", "id"=>"12"}
  [1m[36mCat Load (0.2ms)[0m  [1m[34mSELECT  "cats".* FROM "cats" WHERE "cats"."id" = $1 LIMIT $2[0m  [["id", 12], ["LIMIT", 1]]
  [1m[35m (0.3ms)[0m  [1m[35mBEGIN[0m
  [1m[35mSQL (0.3ms)[0m  [1m[33mUPDATE "cats" SET "name" = $1, "updated_at" = $2 WHERE "cats"."id" = $3[0m  [["name", "Shadow-ugly"], ["updated_at", "2019-05-24 16:10:18.036847"], ["id", 12]]
  [1m[35m (1.1ms)[0m  [1m[35mCOMMIT[0m
Redirected to http://localhost:3000/cats/12
Completed 302 Found in 8ms (ActiveRecord: 2.1ms)


Started GET "/cats/12" for 127.0.0.1 at 2019-05-24 12:10:18 -0400
Processing by CatsController#show as HTML
  Parameters: {"id"=>"12"}
  [1m[36mCat Load (0.2ms)[0m  [1m[34mSELECT  "cats".* FROM "cats" WHERE "cats"."id" = $1 LIMIT $2[0m  [["id", 12], ["LIMIT", 1]]
  Rendering cats/show.html.erb within layouts/application
  Rendered cats/show.html.erb within layouts/application (0.7ms)
Completed 200 OK in 32ms (Views: 29.5ms | ActiveRecord: 0.2ms)


Started GET "/cats" for 127.0.0.1 at 2019-05-24 12:10:21 -0400
Processing by CatsController#index as HTML
  Rendering cats/index.html.erb within layouts/application
  [1m[36mCat Load (0.3ms)[0m  [1m[34mSELECT "cats".* FROM "cats"[0m
  Rendered cats/index.html.erb within layouts/application (41.3ms)
Completed 200 OK in 63ms (Views: 59.8ms | ActiveRecord: 0.3ms)


Started GET "/cats/new" for 127.0.0.1 at 2019-05-24 12:17:30 -0400
Processing by CatsController#new as HTML
  Rendering cats/new.html.erb within layouts/application
  Rendered cats/_form.html.erb (3.6ms)
  Rendered cats/new.html.erb within layouts/application (5.1ms)
Completed 200 OK in 70ms (Views: 60.5ms | ActiveRecord: 0.0ms)


Started POST "/cats" for 127.0.0.1 at 2019-05-24 12:17:36 -0400
Processing by CatsController#create as HTML
  Parameters: {"utf8"=>"✓", "authenticity_token"=>"U0kS9PYrmK19Iyt5H+ZT1hIk05W5lOwMn0rSjN+IMb1yj3XmSS1bAz8gqKZSN8XGyXsja+6uso2+xL1iUNR89g==", "cat"=>{"name"=>"but", "breed"=>"lick"}, "commit"=>"Add new cat"}
  [1m[35m (0.9ms)[0m  [1m[35mBEGIN[0m
  [1m[35mSQL (1.4ms)[0m  [1m[32mINSERT INTO "cats" ("name", "breed", "created_at", "updated_at") VALUES ($1, $2, $3, $4) RETURNING "id"[0m  [["name", "but"], ["breed", "lick"], ["created_at", "2019-05-24 16:17:36.029037"], ["updated_at", "2019-05-24 16:17:36.029037"]]
  [1m[35m (0.6ms)[0m  [1m[35mCOMMIT[0m
Redirected to http://localhost:3000/cats/25
Completed 302 Found in 11ms (ActiveRecord: 2.9ms)


Started GET "/cats/25" for 127.0.0.1 at 2019-05-24 12:17:36 -0400
Processing by CatsController#show as HTML
  Parameters: {"id"=>"25"}
  [1m[36mCat Load (0.2ms)[0m  [1m[34mSELECT  "cats".* FROM "cats" WHERE "cats"."id" = $1 LIMIT $2[0m  [["id", 25], ["LIMIT", 1]]
  Rendering cats/show.html.erb within layouts/application
  Rendered cats/show.html.erb within layouts/application (0.5ms)
Completed 200 OK in 40ms (Views: 37.2ms | ActiveRecord: 0.2ms)


Started GET "/cats" for 127.0.0.1 at 2019-05-24 12:17:38 -0400
Processing by CatsController#index as HTML
  Rendering cats/index.html.erb within layouts/application
  [1m[36mCat Load (2.5ms)[0m  [1m[34mSELECT "cats".* FROM "cats"[0m
  Rendered cats/index.html.erb within layouts/application (35.0ms)
Completed 200 OK in 57ms (Views: 51.4ms | ActiveRecord: 2.5ms)


Started GET "/cats" for 127.0.0.1 at 2019-05-24 12:19:04 -0400
Processing by CatsController#index as HTML
  Rendering cats/index.html.erb within layouts/application
  [1m[36mCat Load (0.8ms)[0m  [1m[34mSELECT "cats".* FROM "cats"[0m
  Rendered cats/index.html.erb within layouts/application (18.1ms)
Completed 200 OK in 76ms (Views: 64.0ms | ActiveRecord: 0.8ms)


Started GET "/cats/1/edit" for 127.0.0.1 at 2019-05-24 12:19:06 -0400
Processing by CatsController#edit as HTML
  Parameters: {"id"=>"1"}
  [1m[36mCat Load (0.5ms)[0m  [1m[34mSELECT  "cats".* FROM "cats" WHERE "cats"."id" = $1 LIMIT $2[0m  [["id", 1], ["LIMIT", 1]]
  Rendering cats/edit.html.erb within layouts/application
  Rendered cats/_form.html.erb (5.8ms)
  Rendered cats/edit.html.erb within layouts/application (7.4ms)
Completed 200 OK in 64ms (Views: 29.0ms | ActiveRecord: 0.4ms)


